c:\users\cole\kickoff-freeze-plugin\kickoff-.ad47ac4f\x64\release\vc143.pdb
c:\users\cole\kickoff-freeze-plugin\kickoff-.ad47ac4f\x64\release\kickofffreezeplugin.obj
c:\users\cole\kickoff-freeze-plugin\kickoff-.ad47ac4f\x64\release\pch.obj
c:\users\cole\kickoff-freeze-plugin\kickoff-.ad47ac4f\x64\release\imgui_widgets.obj
c:\users\cole\kickoff-freeze-plugin\kickoff-.ad47ac4f\x64\release\imgui_timeline.obj
c:\users\cole\kickoff-freeze-plugin\kickoff-.ad47ac4f\x64\release\imgui_stdlib.obj
c:\users\cole\kickoff-freeze-plugin\kickoff-.ad47ac4f\x64\release\imgui_searchablecombo.obj
c:\users\cole\kickoff-freeze-plugin\kickoff-.ad47ac4f\x64\release\imgui_rangeslider.obj
c:\users\cole\kickoff-freeze-plugin\kickoff-.ad47ac4f\x64\release\imgui_impl_win32.obj
c:\users\cole\kickoff-freeze-plugin\kickoff-.ad47ac4f\x64\release\imgui_impl_dx11.obj
c:\users\cole\kickoff-freeze-plugin\kickoff-.ad47ac4f\x64\release\imgui_draw.obj
c:\users\cole\kickoff-freeze-plugin\kickoff-.ad47ac4f\x64\release\imgui_demo.obj
c:\users\cole\kickoff-freeze-plugin\kickoff-.ad47ac4f\x64\release\imgui_additions.obj
c:\users\cole\kickoff-freeze-plugin\kickoff-.ad47ac4f\x64\release\imguivariouscontrols.obj
c:\users\cole\kickoff-freeze-plugin\kickoff-.ad47ac4f\x64\release\imgui.obj
c:\users\cole\kickoff-freeze-plugin\kickoff-.ad47ac4f\x64\release\guibase.obj
c:\users\cole\kickoff-freeze-plugin\kickoff-.ad47ac4f\x64\release\plugin.res
c:\users\cole\appdata\roaming\bakkesmod\bakkesmod\plugins\kickofffreeze.dll.pdb
c:\users\cole\kickoff-freeze-plugin\kickoff-.ad47ac4f\x64\release\kickoff-.ad47ac4f.tlog\cl.command.1.tlog
c:\users\cole\kickoff-freeze-plugin\kickoff-.ad47ac4f\x64\release\kickoff-.ad47ac4f.tlog\cl.read.1.tlog
c:\users\cole\kickoff-freeze-plugin\kickoff-.ad47ac4f\x64\release\kickoff-.ad47ac4f.tlog\cl.write.1.tlog
c:\users\cole\kickoff-freeze-plugin\kickoff-.ad47ac4f\x64\release\kickoff-.ad47ac4f.tlog\link-cvtres.read.1.tlog
c:\users\cole\kickoff-freeze-plugin\kickoff-.ad47ac4f\x64\release\kickoff-.ad47ac4f.tlog\link-cvtres.write.1.tlog
c:\users\cole\kickoff-freeze-plugin\kickoff-.ad47ac4f\x64\release\kickoff-.ad47ac4f.tlog\link-rc.read.1.tlog
c:\users\cole\kickoff-freeze-plugin\kickoff-.ad47ac4f\x64\release\kickoff-.ad47ac4f.tlog\link-rc.write.1.tlog
c:\users\cole\kickoff-freeze-plugin\kickoff-.ad47ac4f\x64\release\kickoff-.ad47ac4f.tlog\link.command.1.tlog
c:\users\cole\kickoff-freeze-plugin\kickoff-.ad47ac4f\x64\release\kickoff-.ad47ac4f.tlog\link.read.1.tlog
c:\users\cole\kickoff-freeze-plugin\kickoff-.ad47ac4f\x64\release\kickoff-.ad47ac4f.tlog\link.read.2.tlog
c:\users\cole\kickoff-freeze-plugin\kickoff-.ad47ac4f\x64\release\kickoff-.ad47ac4f.tlog\link.write.1.tlog
c:\users\cole\kickoff-freeze-plugin\kickoff-.ad47ac4f\x64\release\kickoff-.ad47ac4f.tlog\rc.command.1.tlog
c:\users\cole\kickoff-freeze-plugin\kickoff-.ad47ac4f\x64\release\kickoff-.ad47ac4f.tlog\rc.read.1.tlog
c:\users\cole\kickoff-freeze-plugin\kickoff-.ad47ac4f\x64\release\kickoff-.ad47ac4f.tlog\rc.write.1.tlog
